The system is: Linux - 4.10.13-1-ARCH - x86_64
Compiling the C compiler identification source file "CMakeCCompilerId.c" succeeded.
Compiler: /usr/bin/cc 
Build flags: 
Id flags: 

The output was:
0


Compilation of the C compiler identification source "CMakeCCompilerId.c" produced "a.out"

The C compiler identification is GNU, found in "/home/fossae_t/Téléchargements/clean_ogre_cmake_project_1-9(2)/clean_ogre_cmake_project/CMakeFiles/3.7.2/CompilerIdC/a.out"

Compiling the CXX compiler identification source file "CMakeCXXCompilerId.cpp" succeeded.
Compiler: /usr/bin/c++ 
Build flags: 
Id flags: 

The output was:
0


Compilation of the CXX compiler identification source "CMakeCXXCompilerId.cpp" produced "a.out"

The CXX compiler identification is GNU, found in "/home/fossae_t/Téléchargements/clean_ogre_cmake_project_1-9(2)/clean_ogre_cmake_project/CMakeFiles/3.7.2/CompilerIdCXX/a.out"

Determining if the C compiler works passed with the following output:
Change Dir: /home/fossae_t/Téléchargements/clean_ogre_cmake_project_1-9(2)/clean_ogre_cmake_project/CMakeFiles/CMakeTmp

Run Build Command:"/usr/bin/make" "cmTC_76e81/fast"
/usr/bin/make -f CMakeFiles/cmTC_76e81.dir/build.make CMakeFiles/cmTC_76e81.dir/build
make[1] : on entre dans le répertoire « /home/fossae_t/Téléchargements/clean_ogre_cmake_project_1-9(2)/clean_ogre_cmake_project/CMakeFiles/CMakeTmp »
Building C object CMakeFiles/cmTC_76e81.dir/testCCompiler.c.o
/usr/bin/cc     -o CMakeFiles/cmTC_76e81.dir/testCCompiler.c.o   -c "/home/fossae_t/Téléchargements/clean_ogre_cmake_project_1-9(2)/clean_ogre_cmake_project/CMakeFiles/CMakeTmp/testCCompiler.c"
Linking C executable cmTC_76e81
/usr/bin/cmake -E cmake_link_script CMakeFiles/cmTC_76e81.dir/link.txt --verbose=1
/usr/bin/cc       CMakeFiles/cmTC_76e81.dir/testCCompiler.c.o  -o cmTC_76e81 -rdynamic 
make[1] : on quitte le répertoire « /home/fossae_t/Téléchargements/clean_ogre_cmake_project_1-9(2)/clean_ogre_cmake_project/CMakeFiles/CMakeTmp »


Detecting C compiler ABI info compiled with the following output:
Change Dir: /home/fossae_t/Téléchargements/clean_ogre_cmake_project_1-9(2)/clean_ogre_cmake_project/CMakeFiles/CMakeTmp

Run Build Command:"/usr/bin/make" "cmTC_a8276/fast"
/usr/bin/make -f CMakeFiles/cmTC_a8276.dir/build.make CMakeFiles/cmTC_a8276.dir/build
make[1] : on entre dans le répertoire « /home/fossae_t/Téléchargements/clean_ogre_cmake_project_1-9(2)/clean_ogre_cmake_project/CMakeFiles/CMakeTmp »
Building C object CMakeFiles/cmTC_a8276.dir/CMakeCCompilerABI.c.o
/usr/bin/cc     -o CMakeFiles/cmTC_a8276.dir/CMakeCCompilerABI.c.o   -c /usr/share/cmake-3.7/Modules/CMakeCCompilerABI.c
Linking C executable cmTC_a8276
/usr/bin/cmake -E cmake_link_script CMakeFiles/cmTC_a8276.dir/link.txt --verbose=1
/usr/bin/cc      -v CMakeFiles/cmTC_a8276.dir/CMakeCCompilerABI.c.o  -o cmTC_a8276 -rdynamic  
Utilisation des specs internes.
COLLECT_GCC=/usr/bin/cc
COLLECT_LTO_WRAPPER=/usr/lib/gcc/x86_64-pc-linux-gnu/6.3.1/lto-wrapper
Cible : x86_64-pc-linux-gnu
Configuré avec: /build/gcc/src/gcc/configure --prefix=/usr --libdir=/usr/lib --libexecdir=/usr/lib --mandir=/usr/share/man --infodir=/usr/share/info --with-bugurl=https://bugs.archlinux.org/ --enable-languages=c,c++,ada,fortran,go,lto,objc,obj-c++ --enable-shared --enable-threads=posix --enable-libmpx --with-system-zlib --with-isl --enable-__cxa_atexit --disable-libunwind-exceptions --enable-clocale=gnu --disable-libstdcxx-pch --disable-libssp --enable-gnu-unique-object --enable-linker-build-id --enable-lto --enable-plugin --enable-install-libiberty --with-linker-hash-style=gnu --enable-gnu-indirect-function --disable-multilib --disable-werror --enable-checking=release
Modèle de thread: posix
gcc version 6.3.1 20170306 (GCC) 
COMPILER_PATH=/usr/lib/gcc/x86_64-pc-linux-gnu/6.3.1/:/usr/lib/gcc/x86_64-pc-linux-gnu/6.3.1/:/usr/lib/gcc/x86_64-pc-linux-gnu/:/usr/lib/gcc/x86_64-pc-linux-gnu/6.3.1/:/usr/lib/gcc/x86_64-pc-linux-gnu/
LIBRARY_PATH=/usr/lib/gcc/x86_64-pc-linux-gnu/6.3.1/:/usr/lib/gcc/x86_64-pc-linux-gnu/6.3.1/../../../../lib/:/lib/../lib/:/usr/lib/../lib/:/usr/lib/gcc/x86_64-pc-linux-gnu/6.3.1/../../../:/lib/:/usr/lib/
COLLECT_GCC_OPTIONS='-v' '-o' 'cmTC_a8276' '-rdynamic' '-mtune=generic' '-march=x86-64'
 /usr/lib/gcc/x86_64-pc-linux-gnu/6.3.1/collect2 -plugin /usr/lib/gcc/x86_64-pc-linux-gnu/6.3.1/liblto_plugin.so -plugin-opt=/usr/lib/gcc/x86_64-pc-linux-gnu/6.3.1/lto-wrapper -plugin-opt=-fresolution=/tmp/ccXiGjMM.res -plugin-opt=-pass-through=-lgcc -plugin-opt=-pass-through=-lgcc_s -plugin-opt=-pass-through=-lc -plugin-opt=-pass-through=-lgcc -plugin-opt=-pass-through=-lgcc_s --build-id --eh-frame-hdr --hash-style=gnu -m elf_x86_64 -export-dynamic -dynamic-linker /lib64/ld-linux-x86-64.so.2 -o cmTC_a8276 /usr/lib/gcc/x86_64-pc-linux-gnu/6.3.1/../../../../lib/crt1.o /usr/lib/gcc/x86_64-pc-linux-gnu/6.3.1/../../../../lib/crti.o /usr/lib/gcc/x86_64-pc-linux-gnu/6.3.1/crtbegin.o -L/usr/lib/gcc/x86_64-pc-linux-gnu/6.3.1 -L/usr/lib/gcc/x86_64-pc-linux-gnu/6.3.1/../../../../lib -L/lib/../lib -L/usr/lib/../lib -L/usr/lib/gcc/x86_64-pc-linux-gnu/6.3.1/../../.. CMakeFiles/cmTC_a8276.dir/CMakeCCompilerABI.c.o -lgcc --as-needed -lgcc_s --no-as-needed -lc -lgcc --as-needed -lgcc_s --no-as-needed /usr/lib/gcc/x86_64-pc-linux-gnu/6.3.1/crtend.o /usr/lib/gcc/x86_64-pc-linux-gnu/6.3.1/../../../../lib/crtn.o
COLLECT_GCC_OPTIONS='-v' '-o' 'cmTC_a8276' '-rdynamic' '-mtune=generic' '-march=x86-64'
make[1] : on quitte le répertoire « /home/fossae_t/Téléchargements/clean_ogre_cmake_project_1-9(2)/clean_ogre_cmake_project/CMakeFiles/CMakeTmp »


Parsed C implicit link information from above output:
  link line regex: [^( *|.*[/\])(ld|([^/\]+-)?ld|collect2)[^/\]*( |$)]
  ignore line: [Change Dir: /home/fossae_t/Téléchargements/clean_ogre_cmake_project_1-9(2)/clean_ogre_cmake_project/CMakeFiles/CMakeTmp]
  ignore line: []
  ignore line: [Run Build Command:"/usr/bin/make" "cmTC_a8276/fast"]
  ignore line: [/usr/bin/make -f CMakeFiles/cmTC_a8276.dir/build.make CMakeFiles/cmTC_a8276.dir/build]
  ignore line: [make[1] : on entre dans le répertoire « /home/fossae_t/Téléchargements/clean_ogre_cmake_project_1-9(2)/clean_ogre_cmake_project/CMakeFiles/CMakeTmp »]
  ignore line: [Building C object CMakeFiles/cmTC_a8276.dir/CMakeCCompilerABI.c.o]
  ignore line: [/usr/bin/cc     -o CMakeFiles/cmTC_a8276.dir/CMakeCCompilerABI.c.o   -c /usr/share/cmake-3.7/Modules/CMakeCCompilerABI.c]
  ignore line: [Linking C executable cmTC_a8276]
  ignore line: [/usr/bin/cmake -E cmake_link_script CMakeFiles/cmTC_a8276.dir/link.txt --verbose=1]
  ignore line: [/usr/bin/cc      -v CMakeFiles/cmTC_a8276.dir/CMakeCCompilerABI.c.o  -o cmTC_a8276 -rdynamic  ]
  ignore line: [Utilisation des specs internes.]
  ignore line: [COLLECT_GCC=/usr/bin/cc]
  ignore line: [COLLECT_LTO_WRAPPER=/usr/lib/gcc/x86_64-pc-linux-gnu/6.3.1/lto-wrapper]
  ignore line: [Cible : x86_64-pc-linux-gnu]
  ignore line: [Configuré avec: /build/gcc/src/gcc/configure --prefix=/usr --libdir=/usr/lib --libexecdir=/usr/lib --mandir=/usr/share/man --infodir=/usr/share/info --with-bugurl=https://bugs.archlinux.org/ --enable-languages=c,c++,ada,fortran,go,lto,objc,obj-c++ --enable-shared --enable-threads=posix --enable-libmpx --with-system-zlib --with-isl --enable-__cxa_atexit --disable-libunwind-exceptions --enable-clocale=gnu --disable-libstdcxx-pch --disable-libssp --enable-gnu-unique-object --enable-linker-build-id --enable-lto --enable-plugin --enable-install-libiberty --with-linker-hash-style=gnu --enable-gnu-indirect-function --disable-multilib --disable-werror --enable-checking=release]
  ignore line: [Modèle de thread: posix]
  ignore line: [gcc version 6.3.1 20170306 (GCC) ]
  ignore line: [COMPILER_PATH=/usr/lib/gcc/x86_64-pc-linux-gnu/6.3.1/:/usr/lib/gcc/x86_64-pc-linux-gnu/6.3.1/:/usr/lib/gcc/x86_64-pc-linux-gnu/:/usr/lib/gcc/x86_64-pc-linux-gnu/6.3.1/:/usr/lib/gcc/x86_64-pc-linux-gnu/]
  ignore line: [LIBRARY_PATH=/usr/lib/gcc/x86_64-pc-linux-gnu/6.3.1/:/usr/lib/gcc/x86_64-pc-linux-gnu/6.3.1/../../../../lib/:/lib/../lib/:/usr/lib/../lib/:/usr/lib/gcc/x86_64-pc-linux-gnu/6.3.1/../../../:/lib/:/usr/lib/]
  ignore line: [COLLECT_GCC_OPTIONS='-v' '-o' 'cmTC_a8276' '-rdynamic' '-mtune=generic' '-march=x86-64']
  link line: [ /usr/lib/gcc/x86_64-pc-linux-gnu/6.3.1/collect2 -plugin /usr/lib/gcc/x86_64-pc-linux-gnu/6.3.1/liblto_plugin.so -plugin-opt=/usr/lib/gcc/x86_64-pc-linux-gnu/6.3.1/lto-wrapper -plugin-opt=-fresolution=/tmp/ccXiGjMM.res -plugin-opt=-pass-through=-lgcc -plugin-opt=-pass-through=-lgcc_s -plugin-opt=-pass-through=-lc -plugin-opt=-pass-through=-lgcc -plugin-opt=-pass-through=-lgcc_s --build-id --eh-frame-hdr --hash-style=gnu -m elf_x86_64 -export-dynamic -dynamic-linker /lib64/ld-linux-x86-64.so.2 -o cmTC_a8276 /usr/lib/gcc/x86_64-pc-linux-gnu/6.3.1/../../../../lib/crt1.o /usr/lib/gcc/x86_64-pc-linux-gnu/6.3.1/../../../../lib/crti.o /usr/lib/gcc/x86_64-pc-linux-gnu/6.3.1/crtbegin.o -L/usr/lib/gcc/x86_64-pc-linux-gnu/6.3.1 -L/usr/lib/gcc/x86_64-pc-linux-gnu/6.3.1/../../../../lib -L/lib/../lib -L/usr/lib/../lib -L/usr/lib/gcc/x86_64-pc-linux-gnu/6.3.1/../../.. CMakeFiles/cmTC_a8276.dir/CMakeCCompilerABI.c.o -lgcc --as-needed -lgcc_s --no-as-needed -lc -lgcc --as-needed -lgcc_s --no-as-needed /usr/lib/gcc/x86_64-pc-linux-gnu/6.3.1/crtend.o /usr/lib/gcc/x86_64-pc-linux-gnu/6.3.1/../../../../lib/crtn.o]
    arg [/usr/lib/gcc/x86_64-pc-linux-gnu/6.3.1/collect2] ==> ignore
    arg [-plugin] ==> ignore
    arg [/usr/lib/gcc/x86_64-pc-linux-gnu/6.3.1/liblto_plugin.so] ==> ignore
    arg [-plugin-opt=/usr/lib/gcc/x86_64-pc-linux-gnu/6.3.1/lto-wrapper] ==> ignore
    arg [-plugin-opt=-fresolution=/tmp/ccXiGjMM.res] ==> ignore
    arg [-plugin-opt=-pass-through=-lgcc] ==> ignore
    arg [-plugin-opt=-pass-through=-lgcc_s] ==> ignore
    arg [-plugin-opt=-pass-through=-lc] ==> ignore
    arg [-plugin-opt=-pass-through=-lgcc] ==> ignore
    arg [-plugin-opt=-pass-through=-lgcc_s] ==> ignore
    arg [--build-id] ==> ignore
    arg [--eh-frame-hdr] ==> ignore
    arg [--hash-style=gnu] ==> ignore
    arg [-m] ==> ignore
    arg [elf_x86_64] ==> ignore
    arg [-export-dynamic] ==> ignore
    arg [-dynamic-linker] ==> ignore
    arg [/lib64/ld-linux-x86-64.so.2] ==> ignore
    arg [-o] ==> ignore
    arg [cmTC_a8276] ==> ignore
    arg [/usr/lib/gcc/x86_64-pc-linux-gnu/6.3.1/../../../../lib/crt1.o] ==> ignore
    arg [/usr/lib/gcc/x86_64-pc-linux-gnu/6.3.1/../../../../lib/crti.o] ==> ignore
    arg [/usr/lib/gcc/x86_64-pc-linux-gnu/6.3.1/crtbegin.o] ==> ignore
    arg [-L/usr/lib/gcc/x86_64-pc-linux-gnu/6.3.1] ==> dir [/usr/lib/gcc/x86_64-pc-linux-gnu/6.3.1]
    arg [-L/usr/lib/gcc/x86_64-pc-linux-gnu/6.3.1/../../../../lib] ==> dir [/usr/lib/gcc/x86_64-pc-linux-gnu/6.3.1/../../../../lib]
    arg [-L/lib/../lib] ==> dir [/lib/../lib]
    arg [-L/usr/lib/../lib] ==> dir [/usr/lib/../lib]
    arg [-L/usr/lib/gcc/x86_64-pc-linux-gnu/6.3.1/../../..] ==> dir [/usr/lib/gcc/x86_64-pc-linux-gnu/6.3.1/../../..]
    arg [CMakeFiles/cmTC_a8276.dir/CMakeCCompilerABI.c.o] ==> ignore
    arg [-lgcc] ==> lib [gcc]
    arg [--as-needed] ==> ignore
    arg [-lgcc_s] ==> lib [gcc_s]
    arg [--no-as-needed] ==> ignore
    arg [-lc] ==> lib [c]
    arg [-lgcc] ==> lib [gcc]
    arg [--as-needed] ==> ignore
    arg [-lgcc_s] ==> lib [gcc_s]
    arg [--no-as-needed] ==> ignore
    arg [/usr/lib/gcc/x86_64-pc-linux-gnu/6.3.1/crtend.o] ==> ignore
    arg [/usr/lib/gcc/x86_64-pc-linux-gnu/6.3.1/../../../../lib/crtn.o] ==> ignore
  remove lib [gcc]
  remove lib [gcc_s]
  remove lib [gcc]
  remove lib [gcc_s]
  collapse library dir [/usr/lib/gcc/x86_64-pc-linux-gnu/6.3.1] ==> [/usr/lib/gcc/x86_64-pc-linux-gnu/6.3.1]
  collapse library dir [/usr/lib/gcc/x86_64-pc-linux-gnu/6.3.1/../../../../lib] ==> [/usr/lib]
  collapse library dir [/lib/../lib] ==> [/lib]
  collapse library dir [/usr/lib/../lib] ==> [/usr/lib]
  collapse library dir [/usr/lib/gcc/x86_64-pc-linux-gnu/6.3.1/../../..] ==> [/usr/lib]
  implicit libs: [c]
  implicit dirs: [/usr/lib/gcc/x86_64-pc-linux-gnu/6.3.1;/usr/lib;/lib]
  implicit fwks: []




Detecting C [-std=c11] compiler features compiled with the following output:
Change Dir: /home/fossae_t/Téléchargements/clean_ogre_cmake_project_1-9(2)/clean_ogre_cmake_project/CMakeFiles/CMakeTmp

Run Build Command:"/usr/bin/make" "cmTC_61ebb/fast"
/usr/bin/make -f CMakeFiles/cmTC_61ebb.dir/build.make CMakeFiles/cmTC_61ebb.dir/build
make[1] : on entre dans le répertoire « /home/fossae_t/Téléchargements/clean_ogre_cmake_project_1-9(2)/clean_ogre_cmake_project/CMakeFiles/CMakeTmp »
Building C object CMakeFiles/cmTC_61ebb.dir/feature_tests.c.o
/usr/bin/cc    -std=c11 -o CMakeFiles/cmTC_61ebb.dir/feature_tests.c.o   -c "/home/fossae_t/Téléchargements/clean_ogre_cmake_project_1-9(2)/clean_ogre_cmake_project/CMakeFiles/feature_tests.c"
Linking C executable cmTC_61ebb
/usr/bin/cmake -E cmake_link_script CMakeFiles/cmTC_61ebb.dir/link.txt --verbose=1
/usr/bin/cc       CMakeFiles/cmTC_61ebb.dir/feature_tests.c.o  -o cmTC_61ebb -rdynamic 
make[1] : on quitte le répertoire « /home/fossae_t/Téléchargements/clean_ogre_cmake_project_1-9(2)/clean_ogre_cmake_project/CMakeFiles/CMakeTmp »


    Feature record: C_FEATURE:1c_function_prototypes
    Feature record: C_FEATURE:1c_restrict
    Feature record: C_FEATURE:1c_static_assert
    Feature record: C_FEATURE:1c_variadic_macros


Detecting C [-std=c99] compiler features compiled with the following output:
Change Dir: /home/fossae_t/Téléchargements/clean_ogre_cmake_project_1-9(2)/clean_ogre_cmake_project/CMakeFiles/CMakeTmp

Run Build Command:"/usr/bin/make" "cmTC_02216/fast"
/usr/bin/make -f CMakeFiles/cmTC_02216.dir/build.make CMakeFiles/cmTC_02216.dir/build
make[1] : on entre dans le répertoire « /home/fossae_t/Téléchargements/clean_ogre_cmake_project_1-9(2)/clean_ogre_cmake_project/CMakeFiles/CMakeTmp »
Building C object CMakeFiles/cmTC_02216.dir/feature_tests.c.o
/usr/bin/cc    -std=c99 -o CMakeFiles/cmTC_02216.dir/feature_tests.c.o   -c "/home/fossae_t/Téléchargements/clean_ogre_cmake_project_1-9(2)/clean_ogre_cmake_project/CMakeFiles/feature_tests.c"
Linking C executable cmTC_02216
/usr/bin/cmake -E cmake_link_script CMakeFiles/cmTC_02216.dir/link.txt --verbose=1
/usr/bin/cc       CMakeFiles/cmTC_02216.dir/feature_tests.c.o  -o cmTC_02216 -rdynamic 
make[1] : on quitte le répertoire « /home/fossae_t/Téléchargements/clean_ogre_cmake_project_1-9(2)/clean_ogre_cmake_project/CMakeFiles/CMakeTmp »


    Feature record: C_FEATURE:1c_function_prototypes
    Feature record: C_FEATURE:1c_restrict
    Feature record: C_FEATURE:0c_static_assert
    Feature record: C_FEATURE:1c_variadic_macros


Detecting C [-std=c90] compiler features compiled with the following output:
Change Dir: /home/fossae_t/Téléchargements/clean_ogre_cmake_project_1-9(2)/clean_ogre_cmake_project/CMakeFiles/CMakeTmp

Run Build Command:"/usr/bin/make" "cmTC_2b258/fast"
/usr/bin/make -f CMakeFiles/cmTC_2b258.dir/build.make CMakeFiles/cmTC_2b258.dir/build
make[1] : on entre dans le répertoire « /home/fossae_t/Téléchargements/clean_ogre_cmake_project_1-9(2)/clean_ogre_cmake_project/CMakeFiles/CMakeTmp »
Building C object CMakeFiles/cmTC_2b258.dir/feature_tests.c.o
/usr/bin/cc    -std=c90 -o CMakeFiles/cmTC_2b258.dir/feature_tests.c.o   -c "/home/fossae_t/Téléchargements/clean_ogre_cmake_project_1-9(2)/clean_ogre_cmake_project/CMakeFiles/feature_tests.c"
Linking C executable cmTC_2b258
/usr/bin/cmake -E cmake_link_script CMakeFiles/cmTC_2b258.dir/link.txt --verbose=1
/usr/bin/cc       CMakeFiles/cmTC_2b258.dir/feature_tests.c.o  -o cmTC_2b258 -rdynamic 
make[1] : on quitte le répertoire « /home/fossae_t/Téléchargements/clean_ogre_cmake_project_1-9(2)/clean_ogre_cmake_project/CMakeFiles/CMakeTmp »


    Feature record: C_FEATURE:1c_function_prototypes
    Feature record: C_FEATURE:0c_restrict
    Feature record: C_FEATURE:0c_static_assert
    Feature record: C_FEATURE:0c_variadic_macros
Determining if the CXX compiler works passed with the following output:
Change Dir: /home/fossae_t/Téléchargements/clean_ogre_cmake_project_1-9(2)/clean_ogre_cmake_project/CMakeFiles/CMakeTmp

Run Build Command:"/usr/bin/make" "cmTC_6c098/fast"
/usr/bin/make -f CMakeFiles/cmTC_6c098.dir/build.make CMakeFiles/cmTC_6c098.dir/build
make[1] : on entre dans le répertoire « /home/fossae_t/Téléchargements/clean_ogre_cmake_project_1-9(2)/clean_ogre_cmake_project/CMakeFiles/CMakeTmp »
Building CXX object CMakeFiles/cmTC_6c098.dir/testCXXCompiler.cxx.o
/usr/bin/c++      -o CMakeFiles/cmTC_6c098.dir/testCXXCompiler.cxx.o -c "/home/fossae_t/Téléchargements/clean_ogre_cmake_project_1-9(2)/clean_ogre_cmake_project/CMakeFiles/CMakeTmp/testCXXCompiler.cxx"
Linking CXX executable cmTC_6c098
/usr/bin/cmake -E cmake_link_script CMakeFiles/cmTC_6c098.dir/link.txt --verbose=1
/usr/bin/c++        CMakeFiles/cmTC_6c098.dir/testCXXCompiler.cxx.o  -o cmTC_6c098 -rdynamic 
make[1] : on quitte le répertoire « /home/fossae_t/Téléchargements/clean_ogre_cmake_project_1-9(2)/clean_ogre_cmake_project/CMakeFiles/CMakeTmp »


Detecting CXX compiler ABI info compiled with the following output:
Change Dir: /home/fossae_t/Téléchargements/clean_ogre_cmake_project_1-9(2)/clean_ogre_cmake_project/CMakeFiles/CMakeTmp

Run Build Command:"/usr/bin/make" "cmTC_39cd6/fast"
/usr/bin/make -f CMakeFiles/cmTC_39cd6.dir/build.make CMakeFiles/cmTC_39cd6.dir/build
make[1] : on entre dans le répertoire « /home/fossae_t/Téléchargements/clean_ogre_cmake_project_1-9(2)/clean_ogre_cmake_project/CMakeFiles/CMakeTmp »
Building CXX object CMakeFiles/cmTC_39cd6.dir/CMakeCXXCompilerABI.cpp.o
/usr/bin/c++      -o CMakeFiles/cmTC_39cd6.dir/CMakeCXXCompilerABI.cpp.o -c /usr/share/cmake-3.7/Modules/CMakeCXXCompilerABI.cpp
Linking CXX executable cmTC_39cd6
/usr/bin/cmake -E cmake_link_script CMakeFiles/cmTC_39cd6.dir/link.txt --verbose=1
/usr/bin/c++       -v CMakeFiles/cmTC_39cd6.dir/CMakeCXXCompilerABI.cpp.o  -o cmTC_39cd6 -rdynamic  
Utilisation des specs internes.
COLLECT_GCC=/usr/bin/c++
COLLECT_LTO_WRAPPER=/usr/lib/gcc/x86_64-pc-linux-gnu/6.3.1/lto-wrapper
Cible : x86_64-pc-linux-gnu
Configuré avec: /build/gcc/src/gcc/configure --prefix=/usr --libdir=/usr/lib --libexecdir=/usr/lib --mandir=/usr/share/man --infodir=/usr/share/info --with-bugurl=https://bugs.archlinux.org/ --enable-languages=c,c++,ada,fortran,go,lto,objc,obj-c++ --enable-shared --enable-threads=posix --enable-libmpx --with-system-zlib --with-isl --enable-__cxa_atexit --disable-libunwind-exceptions --enable-clocale=gnu --disable-libstdcxx-pch --disable-libssp --enable-gnu-unique-object --enable-linker-build-id --enable-lto --enable-plugin --enable-install-libiberty --with-linker-hash-style=gnu --enable-gnu-indirect-function --disable-multilib --disable-werror --enable-checking=release
Modèle de thread: posix
gcc version 6.3.1 20170306 (GCC) 
COMPILER_PATH=/usr/lib/gcc/x86_64-pc-linux-gnu/6.3.1/:/usr/lib/gcc/x86_64-pc-linux-gnu/6.3.1/:/usr/lib/gcc/x86_64-pc-linux-gnu/:/usr/lib/gcc/x86_64-pc-linux-gnu/6.3.1/:/usr/lib/gcc/x86_64-pc-linux-gnu/
LIBRARY_PATH=/usr/lib/gcc/x86_64-pc-linux-gnu/6.3.1/:/usr/lib/gcc/x86_64-pc-linux-gnu/6.3.1/../../../../lib/:/lib/../lib/:/usr/lib/../lib/:/usr/lib/gcc/x86_64-pc-linux-gnu/6.3.1/../../../:/lib/:/usr/lib/
COLLECT_GCC_OPTIONS='-v' '-o' 'cmTC_39cd6' '-rdynamic' '-shared-libgcc' '-mtune=generic' '-march=x86-64'
 /usr/lib/gcc/x86_64-pc-linux-gnu/6.3.1/collect2 -plugin /usr/lib/gcc/x86_64-pc-linux-gnu/6.3.1/liblto_plugin.so -plugin-opt=/usr/lib/gcc/x86_64-pc-linux-gnu/6.3.1/lto-wrapper -plugin-opt=-fresolution=/tmp/ccsxNf8b.res -plugin-opt=-pass-through=-lgcc_s -plugin-opt=-pass-through=-lgcc -plugin-opt=-pass-through=-lc -plugin-opt=-pass-through=-lgcc_s -plugin-opt=-pass-through=-lgcc --build-id --eh-frame-hdr --hash-style=gnu -m elf_x86_64 -export-dynamic -dynamic-linker /lib64/ld-linux-x86-64.so.2 -o cmTC_39cd6 /usr/lib/gcc/x86_64-pc-linux-gnu/6.3.1/../../../../lib/crt1.o /usr/lib/gcc/x86_64-pc-linux-gnu/6.3.1/../../../../lib/crti.o /usr/lib/gcc/x86_64-pc-linux-gnu/6.3.1/crtbegin.o -L/usr/lib/gcc/x86_64-pc-linux-gnu/6.3.1 -L/usr/lib/gcc/x86_64-pc-linux-gnu/6.3.1/../../../../lib -L/lib/../lib -L/usr/lib/../lib -L/usr/lib/gcc/x86_64-pc-linux-gnu/6.3.1/../../.. CMakeFiles/cmTC_39cd6.dir/CMakeCXXCompilerABI.cpp.o -lstdc++ -lm -lgcc_s -lgcc -lc -lgcc_s -lgcc /usr/lib/gcc/x86_64-pc-linux-gnu/6.3.1/crtend.o /usr/lib/gcc/x86_64-pc-linux-gnu/6.3.1/../../../../lib/crtn.o
COLLECT_GCC_OPTIONS='-v' '-o' 'cmTC_39cd6' '-rdynamic' '-shared-libgcc' '-mtune=generic' '-march=x86-64'
make[1] : on quitte le répertoire « /home/fossae_t/Téléchargements/clean_ogre_cmake_project_1-9(2)/clean_ogre_cmake_project/CMakeFiles/CMakeTmp »


Parsed CXX implicit link information from above output:
  link line regex: [^( *|.*[/\])(ld|([^/\]+-)?ld|collect2)[^/\]*( |$)]
  ignore line: [Change Dir: /home/fossae_t/Téléchargements/clean_ogre_cmake_project_1-9(2)/clean_ogre_cmake_project/CMakeFiles/CMakeTmp]
  ignore line: []
  ignore line: [Run Build Command:"/usr/bin/make" "cmTC_39cd6/fast"]
  ignore line: [/usr/bin/make -f CMakeFiles/cmTC_39cd6.dir/build.make CMakeFiles/cmTC_39cd6.dir/build]
  ignore line: [make[1] : on entre dans le répertoire « /home/fossae_t/Téléchargements/clean_ogre_cmake_project_1-9(2)/clean_ogre_cmake_project/CMakeFiles/CMakeTmp »]
  ignore line: [Building CXX object CMakeFiles/cmTC_39cd6.dir/CMakeCXXCompilerABI.cpp.o]
  ignore line: [/usr/bin/c++      -o CMakeFiles/cmTC_39cd6.dir/CMakeCXXCompilerABI.cpp.o -c /usr/share/cmake-3.7/Modules/CMakeCXXCompilerABI.cpp]
  ignore line: [Linking CXX executable cmTC_39cd6]
  ignore line: [/usr/bin/cmake -E cmake_link_script CMakeFiles/cmTC_39cd6.dir/link.txt --verbose=1]
  ignore line: [/usr/bin/c++       -v CMakeFiles/cmTC_39cd6.dir/CMakeCXXCompilerABI.cpp.o  -o cmTC_39cd6 -rdynamic  ]
  ignore line: [Utilisation des specs internes.]
  ignore line: [COLLECT_GCC=/usr/bin/c++]
  ignore line: [COLLECT_LTO_WRAPPER=/usr/lib/gcc/x86_64-pc-linux-gnu/6.3.1/lto-wrapper]
  ignore line: [Cible : x86_64-pc-linux-gnu]
  ignore line: [Configuré avec: /build/gcc/src/gcc/configure --prefix=/usr --libdir=/usr/lib --libexecdir=/usr/lib --mandir=/usr/share/man --infodir=/usr/share/info --with-bugurl=https://bugs.archlinux.org/ --enable-languages=c,c++,ada,fortran,go,lto,objc,obj-c++ --enable-shared --enable-threads=posix --enable-libmpx --with-system-zlib --with-isl --enable-__cxa_atexit --disable-libunwind-exceptions --enable-clocale=gnu --disable-libstdcxx-pch --disable-libssp --enable-gnu-unique-object --enable-linker-build-id --enable-lto --enable-plugin --enable-install-libiberty --with-linker-hash-style=gnu --enable-gnu-indirect-function --disable-multilib --disable-werror --enable-checking=release]
  ignore line: [Modèle de thread: posix]
  ignore line: [gcc version 6.3.1 20170306 (GCC) ]
  ignore line: [COMPILER_PATH=/usr/lib/gcc/x86_64-pc-linux-gnu/6.3.1/:/usr/lib/gcc/x86_64-pc-linux-gnu/6.3.1/:/usr/lib/gcc/x86_64-pc-linux-gnu/:/usr/lib/gcc/x86_64-pc-linux-gnu/6.3.1/:/usr/lib/gcc/x86_64-pc-linux-gnu/]
  ignore line: [LIBRARY_PATH=/usr/lib/gcc/x86_64-pc-linux-gnu/6.3.1/:/usr/lib/gcc/x86_64-pc-linux-gnu/6.3.1/../../../../lib/:/lib/../lib/:/usr/lib/../lib/:/usr/lib/gcc/x86_64-pc-linux-gnu/6.3.1/../../../:/lib/:/usr/lib/]
  ignore line: [COLLECT_GCC_OPTIONS='-v' '-o' 'cmTC_39cd6' '-rdynamic' '-shared-libgcc' '-mtune=generic' '-march=x86-64']
  link line: [ /usr/lib/gcc/x86_64-pc-linux-gnu/6.3.1/collect2 -plugin /usr/lib/gcc/x86_64-pc-linux-gnu/6.3.1/liblto_plugin.so -plugin-opt=/usr/lib/gcc/x86_64-pc-linux-gnu/6.3.1/lto-wrapper -plugin-opt=-fresolution=/tmp/ccsxNf8b.res -plugin-opt=-pass-through=-lgcc_s -plugin-opt=-pass-through=-lgcc -plugin-opt=-pass-through=-lc -plugin-opt=-pass-through=-lgcc_s -plugin-opt=-pass-through=-lgcc --build-id --eh-frame-hdr --hash-style=gnu -m elf_x86_64 -export-dynamic -dynamic-linker /lib64/ld-linux-x86-64.so.2 -o cmTC_39cd6 /usr/lib/gcc/x86_64-pc-linux-gnu/6.3.1/../../../../lib/crt1.o /usr/lib/gcc/x86_64-pc-linux-gnu/6.3.1/../../../../lib/crti.o /usr/lib/gcc/x86_64-pc-linux-gnu/6.3.1/crtbegin.o -L/usr/lib/gcc/x86_64-pc-linux-gnu/6.3.1 -L/usr/lib/gcc/x86_64-pc-linux-gnu/6.3.1/../../../../lib -L/lib/../lib -L/usr/lib/../lib -L/usr/lib/gcc/x86_64-pc-linux-gnu/6.3.1/../../.. CMakeFiles/cmTC_39cd6.dir/CMakeCXXCompilerABI.cpp.o -lstdc++ -lm -lgcc_s -lgcc -lc -lgcc_s -lgcc /usr/lib/gcc/x86_64-pc-linux-gnu/6.3.1/crtend.o /usr/lib/gcc/x86_64-pc-linux-gnu/6.3.1/../../../../lib/crtn.o]
    arg [/usr/lib/gcc/x86_64-pc-linux-gnu/6.3.1/collect2] ==> ignore
    arg [-plugin] ==> ignore
    arg [/usr/lib/gcc/x86_64-pc-linux-gnu/6.3.1/liblto_plugin.so] ==> ignore
    arg [-plugin-opt=/usr/lib/gcc/x86_64-pc-linux-gnu/6.3.1/lto-wrapper] ==> ignore
    arg [-plugin-opt=-fresolution=/tmp/ccsxNf8b.res] ==> ignore
    arg [-plugin-opt=-pass-through=-lgcc_s] ==> ignore
    arg [-plugin-opt=-pass-through=-lgcc] ==> ignore
    arg [-plugin-opt=-pass-through=-lc] ==> ignore
    arg [-plugin-opt=-pass-through=-lgcc_s] ==> ignore
    arg [-plugin-opt=-pass-through=-lgcc] ==> ignore
    arg [--build-id] ==> ignore
    arg [--eh-frame-hdr] ==> ignore
    arg [--hash-style=gnu] ==> ignore
    arg [-m] ==> ignore
    arg [elf_x86_64] ==> ignore
    arg [-export-dynamic] ==> ignore
    arg [-dynamic-linker] ==> ignore
    arg [/lib64/ld-linux-x86-64.so.2] ==> ignore
    arg [-o] ==> ignore
    arg [cmTC_39cd6] ==> ignore
    arg [/usr/lib/gcc/x86_64-pc-linux-gnu/6.3.1/../../../../lib/crt1.o] ==> ignore
    arg [/usr/lib/gcc/x86_64-pc-linux-gnu/6.3.1/../../../../lib/crti.o] ==> ignore
    arg [/usr/lib/gcc/x86_64-pc-linux-gnu/6.3.1/crtbegin.o] ==> ignore
    arg [-L/usr/lib/gcc/x86_64-pc-linux-gnu/6.3.1] ==> dir [/usr/lib/gcc/x86_64-pc-linux-gnu/6.3.1]
    arg [-L/usr/lib/gcc/x86_64-pc-linux-gnu/6.3.1/../../../../lib] ==> dir [/usr/lib/gcc/x86_64-pc-linux-gnu/6.3.1/../../../../lib]
    arg [-L/lib/../lib] ==> dir [/lib/../lib]
    arg [-L/usr/lib/../lib] ==> dir [/usr/lib/../lib]
    arg [-L/usr/lib/gcc/x86_64-pc-linux-gnu/6.3.1/../../..] ==> dir [/usr/lib/gcc/x86_64-pc-linux-gnu/6.3.1/../../..]
    arg [CMakeFiles/cmTC_39cd6.dir/CMakeCXXCompilerABI.cpp.o] ==> ignore
    arg [-lstdc++] ==> lib [stdc++]
    arg [-lm] ==> lib [m]
    arg [-lgcc_s] ==> lib [gcc_s]
    arg [-lgcc] ==> lib [gcc]
    arg [-lc] ==> lib [c]
    arg [-lgcc_s] ==> lib [gcc_s]
    arg [-lgcc] ==> lib [gcc]
    arg [/usr/lib/gcc/x86_64-pc-linux-gnu/6.3.1/crtend.o] ==> ignore
    arg [/usr/lib/gcc/x86_64-pc-linux-gnu/6.3.1/../../../../lib/crtn.o] ==> ignore
  remove lib [gcc_s]
  remove lib [gcc]
  remove lib [gcc_s]
  remove lib [gcc]
  collapse library dir [/usr/lib/gcc/x86_64-pc-linux-gnu/6.3.1] ==> [/usr/lib/gcc/x86_64-pc-linux-gnu/6.3.1]
  collapse library dir [/usr/lib/gcc/x86_64-pc-linux-gnu/6.3.1/../../../../lib] ==> [/usr/lib]
  collapse library dir [/lib/../lib] ==> [/lib]
  collapse library dir [/usr/lib/../lib] ==> [/usr/lib]
  collapse library dir [/usr/lib/gcc/x86_64-pc-linux-gnu/6.3.1/../../..] ==> [/usr/lib]
  implicit libs: [stdc++;m;c]
  implicit dirs: [/usr/lib/gcc/x86_64-pc-linux-gnu/6.3.1;/usr/lib;/lib]
  implicit fwks: []




Detecting CXX [-std=c++14] compiler features compiled with the following output:
Change Dir: /home/fossae_t/Téléchargements/clean_ogre_cmake_project_1-9(2)/clean_ogre_cmake_project/CMakeFiles/CMakeTmp

Run Build Command:"/usr/bin/make" "cmTC_8ebdf/fast"
/usr/bin/make -f CMakeFiles/cmTC_8ebdf.dir/build.make CMakeFiles/cmTC_8ebdf.dir/build
make[1] : on entre dans le répertoire « /home/fossae_t/Téléchargements/clean_ogre_cmake_project_1-9(2)/clean_ogre_cmake_project/CMakeFiles/CMakeTmp »
Building CXX object CMakeFiles/cmTC_8ebdf.dir/feature_tests.cxx.o
/usr/bin/c++     -std=c++14 -o CMakeFiles/cmTC_8ebdf.dir/feature_tests.cxx.o -c "/home/fossae_t/Téléchargements/clean_ogre_cmake_project_1-9(2)/clean_ogre_cmake_project/CMakeFiles/feature_tests.cxx"
Linking CXX executable cmTC_8ebdf
/usr/bin/cmake -E cmake_link_script CMakeFiles/cmTC_8ebdf.dir/link.txt --verbose=1
/usr/bin/c++        CMakeFiles/cmTC_8ebdf.dir/feature_tests.cxx.o  -o cmTC_8ebdf -rdynamic 
make[1] : on quitte le répertoire « /home/fossae_t/Téléchargements/clean_ogre_cmake_project_1-9(2)/clean_ogre_cmake_project/CMakeFiles/CMakeTmp »


    Feature record: CXX_FEATURE:1cxx_aggregate_default_initializers
    Feature record: CXX_FEATURE:1cxx_alias_templates
    Feature record: CXX_FEATURE:1cxx_alignas
    Feature record: CXX_FEATURE:1cxx_alignof
    Feature record: CXX_FEATURE:1cxx_attributes
    Feature record: CXX_FEATURE:1cxx_attribute_deprecated
    Feature record: CXX_FEATURE:1cxx_auto_type
    Feature record: CXX_FEATURE:1cxx_binary_literals
    Feature record: CXX_FEATURE:1cxx_constexpr
    Feature record: CXX_FEATURE:1cxx_contextual_conversions
    Feature record: CXX_FEATURE:1cxx_decltype
    Feature record: CXX_FEATURE:1cxx_decltype_auto
    Feature record: CXX_FEATURE:1cxx_decltype_incomplete_return_types
    Feature record: CXX_FEATURE:1cxx_default_function_template_args
    Feature record: CXX_FEATURE:1cxx_defaulted_functions
    Feature record: CXX_FEATURE:1cxx_defaulted_move_initializers
    Feature record: CXX_FEATURE:1cxx_delegating_constructors
    Feature record: CXX_FEATURE:1cxx_deleted_functions
    Feature record: CXX_FEATURE:1cxx_digit_separators
    Feature record: CXX_FEATURE:1cxx_enum_forward_declarations
    Feature record: CXX_FEATURE:1cxx_explicit_conversions
    Feature record: CXX_FEATURE:1cxx_extended_friend_declarations
    Feature record: CXX_FEATURE:1cxx_extern_templates
    Feature record: CXX_FEATURE:1cxx_final
    Feature record: CXX_FEATURE:1cxx_func_identifier
    Feature record: CXX_FEATURE:1cxx_generalized_initializers
    Feature record: CXX_FEATURE:1cxx_generic_lambdas
    Feature record: CXX_FEATURE:1cxx_inheriting_constructors
    Feature record: CXX_FEATURE:1cxx_inline_namespaces
    Feature record: CXX_FEATURE:1cxx_lambdas
    Feature record: CXX_FEATURE:1cxx_lambda_init_captures
    Feature record: CXX_FEATURE:1cxx_local_type_template_args
    Feature record: CXX_FEATURE:1cxx_long_long_type
    Feature record: CXX_FEATURE:1cxx_noexcept
    Feature record: CXX_FEATURE:1cxx_nonstatic_member_init
    Feature record: CXX_FEATURE:1cxx_nullptr
    Feature record: CXX_FEATURE:1cxx_override
    Feature record: CXX_FEATURE:1cxx_range_for
    Feature record: CXX_FEATURE:1cxx_raw_string_literals
    Feature record: CXX_FEATURE:1cxx_reference_qualified_functions
    Feature record: CXX_FEATURE:1cxx_relaxed_constexpr
    Feature record: CXX_FEATURE:1cxx_return_type_deduction
    Feature record: CXX_FEATURE:1cxx_right_angle_brackets
    Feature record: CXX_FEATURE:1cxx_rvalue_references
    Feature record: CXX_FEATURE:1cxx_sizeof_member
    Feature record: CXX_FEATURE:1cxx_static_assert
    Feature record: CXX_FEATURE:1cxx_strong_enums
    Feature record: CXX_FEATURE:1cxx_template_template_parameters
    Feature record: CXX_FEATURE:1cxx_thread_local
    Feature record: CXX_FEATURE:1cxx_trailing_return_types
    Feature record: CXX_FEATURE:1cxx_unicode_literals
    Feature record: CXX_FEATURE:1cxx_uniform_initialization
    Feature record: CXX_FEATURE:1cxx_unrestricted_unions
    Feature record: CXX_FEATURE:1cxx_user_literals
    Feature record: CXX_FEATURE:1cxx_variable_templates
    Feature record: CXX_FEATURE:1cxx_variadic_macros
    Feature record: CXX_FEATURE:1cxx_variadic_templates


Detecting CXX [-std=c++11] compiler features compiled with the following output:
Change Dir: /home/fossae_t/Téléchargements/clean_ogre_cmake_project_1-9(2)/clean_ogre_cmake_project/CMakeFiles/CMakeTmp

Run Build Command:"/usr/bin/make" "cmTC_d66b4/fast"
/usr/bin/make -f CMakeFiles/cmTC_d66b4.dir/build.make CMakeFiles/cmTC_d66b4.dir/build
make[1] : on entre dans le répertoire « /home/fossae_t/Téléchargements/clean_ogre_cmake_project_1-9(2)/clean_ogre_cmake_project/CMakeFiles/CMakeTmp »
Building CXX object CMakeFiles/cmTC_d66b4.dir/feature_tests.cxx.o
/usr/bin/c++     -std=c++11 -o CMakeFiles/cmTC_d66b4.dir/feature_tests.cxx.o -c "/home/fossae_t/Téléchargements/clean_ogre_cmake_project_1-9(2)/clean_ogre_cmake_project/CMakeFiles/feature_tests.cxx"
Linking CXX executable cmTC_d66b4
/usr/bin/cmake -E cmake_link_script CMakeFiles/cmTC_d66b4.dir/link.txt --verbose=1
/usr/bin/c++        CMakeFiles/cmTC_d66b4.dir/feature_tests.cxx.o  -o cmTC_d66b4 -rdynamic 
make[1] : on quitte le répertoire « /home/fossae_t/Téléchargements/clean_ogre_cmake_project_1-9(2)/clean_ogre_cmake_project/CMakeFiles/CMakeTmp »


    Feature record: CXX_FEATURE:0cxx_aggregate_default_initializers
    Feature record: CXX_FEATURE:1cxx_alias_templates
    Feature record: CXX_FEATURE:1cxx_alignas
    Feature record: CXX_FEATURE:1cxx_alignof
    Feature record: CXX_FEATURE:1cxx_attributes
    Feature record: CXX_FEATURE:0cxx_attribute_deprecated
    Feature record: CXX_FEATURE:1cxx_auto_type
    Feature record: CXX_FEATURE:0cxx_binary_literals
    Feature record: CXX_FEATURE:1cxx_constexpr
    Feature record: CXX_FEATURE:0cxx_contextual_conversions
    Feature record: CXX_FEATURE:1cxx_decltype
    Feature record: CXX_FEATURE:0cxx_decltype_auto
    Feature record: CXX_FEATURE:1cxx_decltype_incomplete_return_types
    Feature record: CXX_FEATURE:1cxx_default_function_template_args
    Feature record: CXX_FEATURE:1cxx_defaulted_functions
    Feature record: CXX_FEATURE:1cxx_defaulted_move_initializers
    Feature record: CXX_FEATURE:1cxx_delegating_constructors
    Feature record: CXX_FEATURE:1cxx_deleted_functions
    Feature record: CXX_FEATURE:0cxx_digit_separators
    Feature record: CXX_FEATURE:1cxx_enum_forward_declarations
    Feature record: CXX_FEATURE:1cxx_explicit_conversions
    Feature record: CXX_FEATURE:1cxx_extended_friend_declarations
    Feature record: CXX_FEATURE:1cxx_extern_templates
    Feature record: CXX_FEATURE:1cxx_final
    Feature record: CXX_FEATURE:1cxx_func_identifier
    Feature record: CXX_FEATURE:1cxx_generalized_initializers
    Feature record: CXX_FEATURE:0cxx_generic_lambdas
    Feature record: CXX_FEATURE:1cxx_inheriting_constructors
    Feature record: CXX_FEATURE:1cxx_inline_namespaces
    Feature record: CXX_FEATURE:1cxx_lambdas
    Feature record: CXX_FEATURE:0cxx_lambda_init_captures
    Feature record: CXX_FEATURE:1cxx_local_type_template_args
    Feature record: CXX_FEATURE:1cxx_long_long_type
    Feature record: CXX_FEATURE:1cxx_noexcept
    Feature record: CXX_FEATURE:1cxx_nonstatic_member_init
    Feature record: CXX_FEATURE:1cxx_nullptr
    Feature record: CXX_FEATURE:1cxx_override
    Feature record: CXX_FEATURE:1cxx_range_for
    Feature record: CXX_FEATURE:1cxx_raw_string_literals
    Feature record: CXX_FEATURE:1cxx_reference_qualified_functions
    Feature record: CXX_FEATURE:0cxx_relaxed_constexpr
    Feature record: CXX_FEATURE:0cxx_return_type_deduction
    Feature record: CXX_FEATURE:1cxx_right_angle_brackets
    Feature record: CXX_FEATURE:1cxx_rvalue_references
    Feature record: CXX_FEATURE:1cxx_sizeof_member
    Feature record: CXX_FEATURE:1cxx_static_assert
    Feature record: CXX_FEATURE:1cxx_strong_enums
    Feature record: CXX_FEATURE:1cxx_template_template_parameters
    Feature record: CXX_FEATURE:1cxx_thread_local
    Feature record: CXX_FEATURE:1cxx_trailing_return_types
    Feature record: CXX_FEATURE:1cxx_unicode_literals
    Feature record: CXX_FEATURE:1cxx_uniform_initialization
    Feature record: CXX_FEATURE:1cxx_unrestricted_unions
    Feature record: CXX_FEATURE:1cxx_user_literals
    Feature record: CXX_FEATURE:0cxx_variable_templates
    Feature record: CXX_FEATURE:1cxx_variadic_macros
    Feature record: CXX_FEATURE:1cxx_variadic_templates


Detecting CXX [-std=c++98] compiler features compiled with the following output:
Change Dir: /home/fossae_t/Téléchargements/clean_ogre_cmake_project_1-9(2)/clean_ogre_cmake_project/CMakeFiles/CMakeTmp

Run Build Command:"/usr/bin/make" "cmTC_c0899/fast"
/usr/bin/make -f CMakeFiles/cmTC_c0899.dir/build.make CMakeFiles/cmTC_c0899.dir/build
make[1] : on entre dans le répertoire « /home/fossae_t/Téléchargements/clean_ogre_cmake_project_1-9(2)/clean_ogre_cmake_project/CMakeFiles/CMakeTmp »
Building CXX object CMakeFiles/cmTC_c0899.dir/feature_tests.cxx.o
/usr/bin/c++     -std=c++98 -o CMakeFiles/cmTC_c0899.dir/feature_tests.cxx.o -c "/home/fossae_t/Téléchargements/clean_ogre_cmake_project_1-9(2)/clean_ogre_cmake_project/CMakeFiles/feature_tests.cxx"
Linking CXX executable cmTC_c0899
/usr/bin/cmake -E cmake_link_script CMakeFiles/cmTC_c0899.dir/link.txt --verbose=1
/usr/bin/c++        CMakeFiles/cmTC_c0899.dir/feature_tests.cxx.o  -o cmTC_c0899 -rdynamic 
make[1] : on quitte le répertoire « /home/fossae_t/Téléchargements/clean_ogre_cmake_project_1-9(2)/clean_ogre_cmake_project/CMakeFiles/CMakeTmp »


    Feature record: CXX_FEATURE:0cxx_aggregate_default_initializers
    Feature record: CXX_FEATURE:0cxx_alias_templates
    Feature record: CXX_FEATURE:0cxx_alignas
    Feature record: CXX_FEATURE:0cxx_alignof
    Feature record: CXX_FEATURE:0cxx_attributes
    Feature record: CXX_FEATURE:0cxx_attribute_deprecated
    Feature record: CXX_FEATURE:0cxx_auto_type
    Feature record: CXX_FEATURE:0cxx_binary_literals
    Feature record: CXX_FEATURE:0cxx_constexpr
    Feature record: CXX_FEATURE:0cxx_contextual_conversions
    Feature record: CXX_FEATURE:0cxx_decltype
    Feature record: CXX_FEATURE:0cxx_decltype_auto
    Feature record: CXX_FEATURE:0cxx_decltype_incomplete_return_types
    Feature record: CXX_FEATURE:0cxx_default_function_template_args
    Feature record: CXX_FEATURE:0cxx_defaulted_functions
    Feature record: CXX_FEATURE:0cxx_defaulted_move_initializers
    Feature record: CXX_FEATURE:0cxx_delegating_constructors
    Feature record: CXX_FEATURE:0cxx_deleted_functions
    Feature record: CXX_FEATURE:0cxx_digit_separators
    Feature record: CXX_FEATURE:0cxx_enum_forward_declarations
    Feature record: CXX_FEATURE:0cxx_explicit_conversions
    Feature record: CXX_FEATURE:0cxx_extended_friend_declarations
    Feature record: CXX_FEATURE:0cxx_extern_templates
    Feature record: CXX_FEATURE:0cxx_final
    Feature record: CXX_FEATURE:0cxx_func_identifier
    Feature record: CXX_FEATURE:0cxx_generalized_initializers
    Feature record: CXX_FEATURE:0cxx_generic_lambdas
    Feature record: CXX_FEATURE:0cxx_inheriting_constructors
    Feature record: CXX_FEATURE:0cxx_inline_namespaces
    Feature record: CXX_FEATURE:0cxx_lambdas
    Feature record: CXX_FEATURE:0cxx_lambda_init_captures
    Feature record: CXX_FEATURE:0cxx_local_type_template_args
    Feature record: CXX_FEATURE:0cxx_long_long_type
    Feature record: CXX_FEATURE:0cxx_noexcept
    Feature record: CXX_FEATURE:0cxx_nonstatic_member_init
    Feature record: CXX_FEATURE:0cxx_nullptr
    Feature record: CXX_FEATURE:0cxx_override
    Feature record: CXX_FEATURE:0cxx_range_for
    Feature record: CXX_FEATURE:0cxx_raw_string_literals
    Feature record: CXX_FEATURE:0cxx_reference_qualified_functions
    Feature record: CXX_FEATURE:0cxx_relaxed_constexpr
    Feature record: CXX_FEATURE:0cxx_return_type_deduction
    Feature record: CXX_FEATURE:0cxx_right_angle_brackets
    Feature record: CXX_FEATURE:0cxx_rvalue_references
    Feature record: CXX_FEATURE:0cxx_sizeof_member
    Feature record: CXX_FEATURE:0cxx_static_assert
    Feature record: CXX_FEATURE:0cxx_strong_enums
    Feature record: CXX_FEATURE:1cxx_template_template_parameters
    Feature record: CXX_FEATURE:0cxx_thread_local
    Feature record: CXX_FEATURE:0cxx_trailing_return_types
    Feature record: CXX_FEATURE:0cxx_unicode_literals
    Feature record: CXX_FEATURE:0cxx_uniform_initialization
    Feature record: CXX_FEATURE:0cxx_unrestricted_unions
    Feature record: CXX_FEATURE:0cxx_user_literals
    Feature record: CXX_FEATURE:0cxx_variable_templates
    Feature record: CXX_FEATURE:0cxx_variadic_macros
    Feature record: CXX_FEATURE:0cxx_variadic_templates
Determining if the include file pthread.h exists passed with the following output:
Change Dir: /home/fossae_t/Téléchargements/clean_ogre_cmake_project_1-9(2)/clean_ogre_cmake_project/CMakeFiles/CMakeTmp

Run Build Command:"/usr/bin/make" "cmTC_40d22/fast"
/usr/bin/make -f CMakeFiles/cmTC_40d22.dir/build.make CMakeFiles/cmTC_40d22.dir/build
make[1] : on entre dans le répertoire « /home/fossae_t/Téléchargements/clean_ogre_cmake_project_1-9(2)/clean_ogre_cmake_project/CMakeFiles/CMakeTmp »
Building C object CMakeFiles/cmTC_40d22.dir/CheckIncludeFile.c.o
/usr/bin/cc     -o CMakeFiles/cmTC_40d22.dir/CheckIncludeFile.c.o   -c "/home/fossae_t/Téléchargements/clean_ogre_cmake_project_1-9(2)/clean_ogre_cmake_project/CMakeFiles/CMakeTmp/CheckIncludeFile.c"
Linking C executable cmTC_40d22
/usr/bin/cmake -E cmake_link_script CMakeFiles/cmTC_40d22.dir/link.txt --verbose=1
/usr/bin/cc       CMakeFiles/cmTC_40d22.dir/CheckIncludeFile.c.o  -o cmTC_40d22 -rdynamic 
make[1] : on quitte le répertoire « /home/fossae_t/Téléchargements/clean_ogre_cmake_project_1-9(2)/clean_ogre_cmake_project/CMakeFiles/CMakeTmp »


Determining if the function pthread_create exists in the pthread passed with the following output:
Change Dir: /home/fossae_t/Téléchargements/clean_ogre_cmake_project_1-9(2)/clean_ogre_cmake_project/CMakeFiles/CMakeTmp

Run Build Command:"/usr/bin/make" "cmTC_ea014/fast"
/usr/bin/make -f CMakeFiles/cmTC_ea014.dir/build.make CMakeFiles/cmTC_ea014.dir/build
make[1] : on entre dans le répertoire « /home/fossae_t/Téléchargements/clean_ogre_cmake_project_1-9(2)/clean_ogre_cmake_project/CMakeFiles/CMakeTmp »
Building C object CMakeFiles/cmTC_ea014.dir/CheckFunctionExists.c.o
/usr/bin/cc    -DCHECK_FUNCTION_EXISTS=pthread_create   -o CMakeFiles/cmTC_ea014.dir/CheckFunctionExists.c.o   -c /usr/share/cmake-3.7/Modules/CheckFunctionExists.c
Linking C executable cmTC_ea014
/usr/bin/cmake -E cmake_link_script CMakeFiles/cmTC_ea014.dir/link.txt --verbose=1
/usr/bin/cc   -DCHECK_FUNCTION_EXISTS=pthread_create    CMakeFiles/cmTC_ea014.dir/CheckFunctionExists.c.o  -o cmTC_ea014 -rdynamic -lpthread 
make[1] : on quitte le répertoire « /home/fossae_t/Téléchargements/clean_ogre_cmake_project_1-9(2)/clean_ogre_cmake_project/CMakeFiles/CMakeTmp »


Determining if the include file pthread.h exists passed with the following output:
Change Dir: /home/fossae_t/rendu2/cpp_indie_studio/ogre/CMakeFiles/CMakeTmp

Run Build Command:"/usr/bin/make" "cmTC_e6df1/fast"
/usr/bin/make -f CMakeFiles/cmTC_e6df1.dir/build.make CMakeFiles/cmTC_e6df1.dir/build
make[1] : on entre dans le répertoire « /home/fossae_t/rendu2/cpp_indie_studio/ogre/CMakeFiles/CMakeTmp »
Building C object CMakeFiles/cmTC_e6df1.dir/CheckIncludeFile.c.o
/usr/bin/cc     -o CMakeFiles/cmTC_e6df1.dir/CheckIncludeFile.c.o   -c /home/fossae_t/rendu2/cpp_indie_studio/ogre/CMakeFiles/CMakeTmp/CheckIncludeFile.c
Linking C executable cmTC_e6df1
/usr/bin/cmake -E cmake_link_script CMakeFiles/cmTC_e6df1.dir/link.txt --verbose=1
/usr/bin/cc       CMakeFiles/cmTC_e6df1.dir/CheckIncludeFile.c.o  -o cmTC_e6df1 -rdynamic 
make[1] : on quitte le répertoire « /home/fossae_t/rendu2/cpp_indie_studio/ogre/CMakeFiles/CMakeTmp »


Determining if the function pthread_create exists in the pthread passed with the following output:
Change Dir: /home/fossae_t/rendu2/cpp_indie_studio/ogre/CMakeFiles/CMakeTmp

Run Build Command:"/usr/bin/make" "cmTC_bdae5/fast"
/usr/bin/make -f CMakeFiles/cmTC_bdae5.dir/build.make CMakeFiles/cmTC_bdae5.dir/build
make[1] : on entre dans le répertoire « /home/fossae_t/rendu2/cpp_indie_studio/ogre/CMakeFiles/CMakeTmp »
Building C object CMakeFiles/cmTC_bdae5.dir/CheckFunctionExists.c.o
/usr/bin/cc    -DCHECK_FUNCTION_EXISTS=pthread_create   -o CMakeFiles/cmTC_bdae5.dir/CheckFunctionExists.c.o   -c /usr/share/cmake-3.7/Modules/CheckFunctionExists.c
Linking C executable cmTC_bdae5
/usr/bin/cmake -E cmake_link_script CMakeFiles/cmTC_bdae5.dir/link.txt --verbose=1
/usr/bin/cc   -DCHECK_FUNCTION_EXISTS=pthread_create    CMakeFiles/cmTC_bdae5.dir/CheckFunctionExists.c.o  -o cmTC_bdae5 -rdynamic -lpthread 
make[1] : on quitte le répertoire « /home/fossae_t/rendu2/cpp_indie_studio/ogre/CMakeFiles/CMakeTmp »


Determining if the include file pthread.h exists passed with the following output:
Change Dir: /home/fossae_t/rendu2/cpp_indie_studio/ogre/CMakeFiles/CMakeTmp

Run Build Command:"/usr/bin/make" "cmTC_90254/fast"
/usr/bin/make -f CMakeFiles/cmTC_90254.dir/build.make CMakeFiles/cmTC_90254.dir/build
make[1] : on entre dans le répertoire « /home/fossae_t/rendu2/cpp_indie_studio/ogre/CMakeFiles/CMakeTmp »
Building C object CMakeFiles/cmTC_90254.dir/CheckIncludeFile.c.o
/usr/bin/cc     -o CMakeFiles/cmTC_90254.dir/CheckIncludeFile.c.o   -c /home/fossae_t/rendu2/cpp_indie_studio/ogre/CMakeFiles/CMakeTmp/CheckIncludeFile.c
Linking C executable cmTC_90254
/usr/bin/cmake -E cmake_link_script CMakeFiles/cmTC_90254.dir/link.txt --verbose=1
/usr/bin/cc       CMakeFiles/cmTC_90254.dir/CheckIncludeFile.c.o  -o cmTC_90254 -rdynamic 
make[1] : on quitte le répertoire « /home/fossae_t/rendu2/cpp_indie_studio/ogre/CMakeFiles/CMakeTmp »


Determining if the function pthread_create exists in the pthread passed with the following output:
Change Dir: /home/fossae_t/rendu2/cpp_indie_studio/ogre/CMakeFiles/CMakeTmp

Run Build Command:"/usr/bin/make" "cmTC_c5b55/fast"
/usr/bin/make -f CMakeFiles/cmTC_c5b55.dir/build.make CMakeFiles/cmTC_c5b55.dir/build
make[1] : on entre dans le répertoire « /home/fossae_t/rendu2/cpp_indie_studio/ogre/CMakeFiles/CMakeTmp »
Building C object CMakeFiles/cmTC_c5b55.dir/CheckFunctionExists.c.o
/usr/bin/cc    -DCHECK_FUNCTION_EXISTS=pthread_create   -o CMakeFiles/cmTC_c5b55.dir/CheckFunctionExists.c.o   -c /usr/share/cmake-3.7/Modules/CheckFunctionExists.c
Linking C executable cmTC_c5b55
/usr/bin/cmake -E cmake_link_script CMakeFiles/cmTC_c5b55.dir/link.txt --verbose=1
/usr/bin/cc   -DCHECK_FUNCTION_EXISTS=pthread_create    CMakeFiles/cmTC_c5b55.dir/CheckFunctionExists.c.o  -o cmTC_c5b55 -rdynamic -lpthread 
make[1] : on quitte le répertoire « /home/fossae_t/rendu2/cpp_indie_studio/ogre/CMakeFiles/CMakeTmp »


Determining if the include file pthread.h exists passed with the following output:
Change Dir: /home/fossae_t/rendu2/cpp_indie_studio/CMakeFiles/CMakeTmp

Run Build Command:"/usr/bin/make" "cmTC_fbaee/fast"
/usr/bin/make -f CMakeFiles/cmTC_fbaee.dir/build.make CMakeFiles/cmTC_fbaee.dir/build
make[1] : on entre dans le répertoire « /home/fossae_t/rendu2/cpp_indie_studio/CMakeFiles/CMakeTmp »
Building C object CMakeFiles/cmTC_fbaee.dir/CheckIncludeFile.c.o
/usr/bin/cc     -o CMakeFiles/cmTC_fbaee.dir/CheckIncludeFile.c.o   -c /home/fossae_t/rendu2/cpp_indie_studio/CMakeFiles/CMakeTmp/CheckIncludeFile.c
Linking C executable cmTC_fbaee
/usr/bin/cmake -E cmake_link_script CMakeFiles/cmTC_fbaee.dir/link.txt --verbose=1
/usr/bin/cc       CMakeFiles/cmTC_fbaee.dir/CheckIncludeFile.c.o  -o cmTC_fbaee -rdynamic 
make[1] : on quitte le répertoire « /home/fossae_t/rendu2/cpp_indie_studio/CMakeFiles/CMakeTmp »


Determining if the function pthread_create exists in the pthread passed with the following output:
Change Dir: /home/fossae_t/rendu2/cpp_indie_studio/CMakeFiles/CMakeTmp

Run Build Command:"/usr/bin/make" "cmTC_84269/fast"
/usr/bin/make -f CMakeFiles/cmTC_84269.dir/build.make CMakeFiles/cmTC_84269.dir/build
make[1] : on entre dans le répertoire « /home/fossae_t/rendu2/cpp_indie_studio/CMakeFiles/CMakeTmp »
Building C object CMakeFiles/cmTC_84269.dir/CheckFunctionExists.c.o
/usr/bin/cc    -DCHECK_FUNCTION_EXISTS=pthread_create   -o CMakeFiles/cmTC_84269.dir/CheckFunctionExists.c.o   -c /usr/share/cmake-3.7/Modules/CheckFunctionExists.c
Linking C executable cmTC_84269
/usr/bin/cmake -E cmake_link_script CMakeFiles/cmTC_84269.dir/link.txt --verbose=1
/usr/bin/cc   -DCHECK_FUNCTION_EXISTS=pthread_create    CMakeFiles/cmTC_84269.dir/CheckFunctionExists.c.o  -o cmTC_84269 -rdynamic -lpthread 
make[1] : on quitte le répertoire « /home/fossae_t/rendu2/cpp_indie_studio/CMakeFiles/CMakeTmp »


